<?xml version="1.0" encoding="UTF-8"?>
<testsuite xmlns:xsi="http://www.w3.org/2001/XMLSchema-instance" xsi:noNamespaceSchemaLocation="https://maven.apache.org/surefire/maven-surefire-plugin/xsd/surefire-test-report-3.0.xsd" version="3.0" name="integracao.AlunoTest" time="0.064" tests="7" errors="0" skipped="0" failures="0">
  <properties>
[...]
</properties>
  <testcase name="testUsoDasMoedas" classname="integracao.AlunoTest" time="0.006"/>
  <testcase name="testBeneficiosStatusPremium" classname="integracao.AlunoTest" time="0"/>
  <testcase name="testConcluirCursoAumentaNumeroCursosConcluidos" classname="integracao.AlunoTest" time="0"/>
  <testcase name="testNaoPodeTrocarPorCriptomoeda" classname="integracao.AlunoTest" time="0"/>
  <testcase name="testConquistarStatusPremium" classname="integracao.AlunoTest" time="0"/>
  <testcase name="testUsoMoedasQuandoInsuficientes" classname="integracao.AlunoTest" time="0.004">
    <system-out><![CDATA[Moedas insuficientes.
]]></system-out>
  </testcase>
  <testcase name="testInicializaAluno" classname="integracao.AlunoTest" time="0"/>
</testsuite>